<?xml version="1.0" encoding="UTF-8"?>
<!-- Generated by org.testng.reporters.JUnitReportReporter -->
<testsuite hostname="DK" failures="0" tests="1" name="precticeTest.SampleReportTest" time="5.292" errors="0" timestamp="2024-08-11T23:02:02 IST" skipped="0">
  <testcase classname="precticeTest.SampleReportTest" name="createContactTest" time="5.292"/>
  <system-out/>
</testsuite> <!-- precticeTest.SampleReportTest -->
